{"level":"info","message":"System launch","service":"user-service"}
{"level":"info","message":"System launch","service":"gsa-serve"}
{"level":"info","message":"System launch","service":"gsa-serve"}
{"level":"info","message":"System launch","service":"gsa-serve"}
{"level":"info","message":"System launch","service":"gsa-serve"}
{"level":"info","message":"System launch","service":"gsa-serve"}
{"level":"info","message":"System launch","service":"gsa-serve"}
{"level":"info","message":"System launch","service":"gsa-serve"}
{"level":"info","message":"System launch","service":"gsa-serve"}
{"level":"info","message":"System launch","service":"gsa-serve"}
{"level":"info","message":"System launch","service":"gsa-serve"}
{"level":"info","message":"System launch","service":"gsa-serve"}
{"level":"info","message":"System launch","service":"gsa-serve"}
{"level":"info","message":"System launch","service":"gsa-serve"}
{"level":"info","message":"System launch","service":"gsa-serve"}
{"level":"info","message":"System launch","service":"gsa-serve"}
{"level":"info","message":"System launch","service":"gsa-serve"}
{"level":"info","message":"System launch","service":"gsa-serve"}
{"level":"info","message":"System launch","service":"gsa-serve"}
{"level":"info","message":"System launch","service":"gsa-serve"}
{"level":"info","message":"System launch","service":"gsa-serve"}
{"level":"info","message":"System launch","service":"gsa-serve"}
{"level":"info","message":"System launch","service":"gsa-serve"}
{"level":"info","message":"System launch","service":"gsa-serve"}
{"level":"info","message":"System launch","service":"gsa-serve"}
{"level":"info","message":"System launch","service":"gsa-serve"}
{"level":"info","message":"System launch","service":"gsa-serve"}
{"level":"info","message":"System launch","service":"gsa-serve"}
{"level":"info","message":"System launch","service":"gsa-serve"}
{"level":"info","message":"System launch","service":"gsa-serve"}
{"level":"info","message":"System launch","service":"gsa-serve"}
{"level":"info","message":"System launch","service":"gsa-serve"}
{"level":"info","message":"System launch","service":"gsa-serve"}
{"level":"info","message":"System launch","service":"gsa-serve"}
{"level":"info","message":"System launch","service":"gsa-serve"}
{"level":"info","message":"System launch","service":"gsa-serve"}
{"level":"info","message":"System launch","service":"gsa-serve"}
{"level":"info","message":"System launch","service":"gsa-serve"}
{"level":"info","message":"System launch","service":"gsa-serve"}
{"level":"info","message":"System launch","service":"gsa-serve"}
{"level":"info","message":"System launch","service":"gsa-serve"}
{"level":"info","message":"System launch","service":"gsa-serve"}
{"level":"info","message":"System launch","service":"gsa-serve"}
{"level":"info","message":"System launch","service":"gsa-serve"}
{"level":"info","message":"System launch","service":"gsa-serve"}
{"level":"info","message":"System launch","service":"gsa-serve"}
{"level":"info","message":"System launch","service":"gsa-serve"}
{"level":"info","message":"System launch","service":"gsa-serve"}
{"level":"info","message":"System launch","service":"gsa-serve"}
{"level":"info","message":"System launch","service":"gsa-serve"}
{"level":"info","message":"System launch","service":"gsa-serve"}
{"level":"info","message":"System launch","service":"gsa-serve"}
{"level":"info","message":"System launch","service":"gsa-serve"}
{"level":"info","message":"System launch","service":"gsa-serve"}
{"level":"info","message":"System launch","service":"gsa-serve"}
{"level":"info","message":"System launch","service":"gsa-serve"}
{"level":"info","message":"System launch","service":"gsa-serve"}
{"level":"info","message":"System launch","service":"gsa-serve"}
{"level":"info","message":"System launch","service":"gsa-serve"}
{"level":"info","message":"System launch","service":"gsa-serve"}
{"level":"info","message":"System launch","service":"gsa-serve"}
{"level":"info","message":"System launch","service":"gsa-serve"}
{"level":"info","message":"System launch","service":"gsa-serve"}
{"level":"info","message":"System launch","service":"gsa-serve"}
{"level":"info","message":"System launch","service":"gsa-serve"}
{"level":"info","message":"System launch","service":"gsa-serve"}
{"level":"info","message":"System launch","service":"gsa-serve"}
{"level":"info","message":"System launch","service":"gsa-serve"}
{"level":"info","message":"System launch","service":"gsa-serve"}
{"level":"info","message":"System launch","service":"gsa-serve"}
{"level":"info","message":"System launch","service":"gsa-serve"}
{"level":"info","message":"System launch","service":"gsa-serve"}
{"level":"info","message":"System launch","service":"gsa-serve"}
{"level":"info","message":"System launch","service":"gsa-serve"}
{"level":"info","message":"System launch","service":"gsa-serve"}
{"level":"info","message":"System launch","service":"gsa-serve"}
{"level":"info","message":"System launch","service":"gsa-serve"}
{"level":"info","message":"System launch","service":"gsa-serve"}
{"level":"info","message":"System launch","service":"gsa-serve"}
{"level":"info","message":"System launch","service":"gsa-serve"}
{"level":"info","message":"System launch","service":"gsa-serve"}
{"level":"info","message":"System launch","service":"gsa-serve"}
{"level":"info","message":"System launch","service":"gsa-serve"}
{"level":"info","message":"System launch","service":"gsa-serve"}
{"level":"info","message":"System launch","service":"gsa-serve"}
{"level":"info","message":"System launch","service":"gsa-serve"}
{"level":"info","message":"System launch","service":"gsa-serve"}
{"level":"info","message":"System launch","service":"gsa-serve"}
{"level":"info","message":"System launch","service":"gsa-serve"}
{"level":"info","message":"System launch","service":"gsa-serve"}
{"level":"info","message":"System launch","service":"gsa-serve"}
{"level":"info","message":"System launch","service":"gsa-serve"}
{"level":"info","message":"System launch","service":"gsa-serve"}
{"level":"info","message":"System launch","service":"gsa-serve"}
{"level":"info","message":"System launch","service":"gsa-serve"}
{"level":"info","message":"System launch","service":"gsa-serve"}
{"level":"info","message":"System launch","service":"gsa-serve"}
{"level":"info","message":"System launch","service":"gsa-serve"}
{"level":"info","message":"System launch","service":"gsa-serve"}
{"level":"info","message":"System launch","service":"gsa-serve"}
{"level":"info","message":"Read DB cards,page 100","service":"gsa-serve"}
{"level":"info","message":"System launch","service":"gsa-serve"}
{"level":"info","message":"Read DB cards,page 100","service":"gsa-serve"}
{"level":"info","message":"Read DB cards,page 100","service":"gsa-serve"}
{"level":"info","message":"System launch","service":"gsa-serve"}
{"level":"info","message":"Read DB cards,page 100","service":"gsa-serve"}
{"level":"info","message":"System launch","service":"gsa-serve"}
{"level":"info","message":"Read DB cards,page 100","service":"gsa-serve"}
{"level":"info","message":"Read DB cards,page 1","service":"gsa-serve"}
{"level":"info","message":"Read DB cards,page 1","service":"gsa-serve"}
{"level":"info","message":"System launch","service":"gsa-serve"}
{"level":"info","message":"Read DB cards,page 1","service":"gsa-serve"}
{"level":"info","message":"System launch","service":"gsa-serve"}
{"level":"info","message":"Read DB cards,page 1","service":"gsa-serve"}
{"level":"info","message":"System launch","service":"gsa-serve"}
{"level":"info","message":"Read DB cards,page 1","service":"gsa-serve"}
{"level":"info","message":"System launch","service":"gsa-serve"}
{"level":"info","message":"Read DB cards,page 1","service":"gsa-serve"}
{"level":"info","message":"System launch","service":"gsa-serve"}
{"level":"info","message":"Read DB cards,page 1","service":"gsa-serve"}
{"level":"info","message":"System launch","service":"gsa-serve"}
{"level":"info","message":"Read DB cards,page 1","service":"gsa-serve"}
{"level":"info","message":"Read DB cards,page 10","service":"gsa-serve"}
{"level":"info","message":"Read DB cards,page 10","service":"gsa-serve"}
{"level":"info","message":"System launch","service":"gsa-serve"}
{"level":"info","message":"Read DB cards,page 10","service":"gsa-serve"}
{"level":"info","message":"Read DB cards,page 10","service":"gsa-serve"}
{"level":"info","message":"System launch","service":"gsa-serve"}
{"level":"info","message":"Read DB cards,page 10","service":"gsa-serve"}
{"level":"info","message":"System launch","service":"gsa-serve"}
{"level":"info","message":"Read DB cards,page 10","service":"gsa-serve"}
{"level":"info","message":"System launch","service":"gsa-serve"}
{"level":"info","message":"System launch","service":"gsa-serve"}
{"level":"info","message":"Read DB cards,page 10","service":"gsa-serve"}
{"level":"info","message":"System launch","service":"gsa-serve"}
{"level":"info","message":"Read DB cards,page 10","service":"gsa-serve"}
{"level":"info","message":"Read DB cards,page 1","service":"gsa-serve"}
{"level":"info","message":"Read DB cards,page 0","service":"gsa-serve"}
{"level":"info","message":"Read DB cards,page 1","service":"gsa-serve"}
{"level":"info","message":"System launch","service":"gsa-serve"}
{"level":"info","message":"Read DB cards,page 1","service":"gsa-serve"}
{"level":"info","message":"System launch","service":"gsa-serve"}
{"level":"info","message":"Read DB cards,page 1, pageSize 5","service":"gsa-serve"}
{"level":"info","message":"Read DB cards,page 1, pageSize 5","service":"gsa-serve"}
{"level":"info","message":"System launch","service":"gsa-serve"}
{"level":"info","message":"Read DB cards,page 1, pageSize 5","service":"gsa-serve"}
{"level":"info","message":"Read DB cards,page 1, pageSize 100","service":"gsa-serve"}
{"level":"info","message":"Read DB cards,page 1, pageSize 100","service":"gsa-serve"}
{"level":"info","message":"Read DB cards,page 1, pageSize 100","service":"gsa-serve"}
{"level":"info","message":"Read DB cards,page 1, pageSize 100","service":"gsa-serve"}
{"level":"info","message":"Read DB cards,page 1, pageSize 100","service":"gsa-serve"}
{"level":"info","message":"System launch","service":"gsa-serve"}
{"level":"info","message":"Read DB cards,page 1, pageSize 100","service":"gsa-serve"}
{"level":"info","message":"System launch","service":"gsa-serve"}
{"level":"info","message":"Read DB cards,page 1, pageSize 100","service":"gsa-serve"}
{"level":"info","message":"System launch","service":"gsa-serve"}
{"level":"info","message":"Read DB cards,page 1, pageSize 100","service":"gsa-serve"}
{"level":"info","message":"System launch","service":"gsa-serve"}
{"level":"info","message":"Read DB cards,page 1, pageSize 100","service":"gsa-serve"}
{"level":"info","message":"System launch","service":"gsa-serve"}
{"level":"info","message":"Read DB cards,page 1, pageSize 100","service":"gsa-serve"}
{"level":"info","message":"System launch","service":"gsa-serve"}
{"level":"info","message":"Read DB cards,page 1, pageSize 100","service":"gsa-serve"}
{"level":"info","message":"Read DB cards,page 1, pageSize 100","service":"gsa-serve"}
{"level":"info","message":"System launch","service":"gsa-serve"}
{"level":"info","message":"Read DB cards,page 1, pageSize 100","service":"gsa-serve"}
{"level":"info","message":"Read DB cards,page 1, pageSize 100","service":"gsa-serve"}
{"level":"info","message":"System launch","service":"gsa-serve"}
{"level":"info","message":"Read DB cards,page 1, pageSize 100","service":"gsa-serve"}
{"level":"info","message":"Read DB cards,page 1, pageSize 100","service":"gsa-serve"}
{"level":"info","message":"System launch","service":"gsa-serve"}
{"level":"info","message":"Read DB cards,page 1, pageSize 100","service":"gsa-serve"}
{"level":"info","message":"System launch","service":"gsa-serve"}
{"level":"info","message":"System launch","service":"gsa-serve"}
{"level":"info","message":"Read DB cards,page 1, pageSize 100","service":"gsa-serve"}
{"level":"info","message":"System launch","service":"gsa-serve"}
{"level":"info","message":"Read DB cards,page 1, pageSize 100","service":"gsa-serve"}
{"level":"info","message":"System launch","service":"gsa-serve"}
{"level":"info","message":"Read DB cards,page 1, pageSize 100","service":"gsa-serve"}
{"level":"info","message":"Read DB cards,page 1, pageSize 100","service":"gsa-serve"}
{"level":"info","message":"System launch","service":"gsa-serve"}
{"level":"info","message":"Read DB cards,page 1, pageSize 100","service":"gsa-serve"}
{"level":"info","message":"System launch","service":"gsa-serve"}
{"level":"info","message":"Read DB cards,page 1, pageSize 100","service":"gsa-serve"}
{"level":"info","message":"System launch","service":"gsa-serve"}
{"level":"info","message":"Read DB cards,page 1, pageSize 100","service":"gsa-serve"}
{"level":"info","message":"Read DB cards,page 1, pageSize 100","service":"gsa-serve"}
{"level":"info","message":"Read DB cards,page 1, pageSize 100","service":"gsa-serve"}
{"level":"info","message":"Read DB cards,page 1, pageSize 100","service":"gsa-serve"}
{"level":"info","message":"Read DB cards,page 1, pageSize 100","service":"gsa-serve"}
{"level":"info","message":"Read DB cards,page 1, pageSize 100","service":"gsa-serve"}
{"level":"info","message":"System launch","service":"gsa-serve"}
{"level":"info","message":"System launch","service":"gsa-serve"}
{"level":"info","message":"Read DB cards,page 1, pageSize 100","service":"gsa-serve"}
{"level":"info","message":"System launch","service":"gsa-serve"}
{"level":"info","message":"Read DB cards,page 1, pageSize 100","service":"gsa-serve"}
{"level":"info","message":"System launch","service":"gsa-serve"}
{"level":"info","message":"System launch","service":"gsa-serve"}
{"level":"info","message":"System launch","service":"gsa-serve"}
{"level":"info","message":"System launch","service":"gsa-serve"}
{"level":"info","message":"Read DB cards,page 1, pageSize 100","service":"gsa-serve"}
{"level":"info","message":"System launch","service":"gsa-serve"}
{"level":"info","message":"Read DB cards,page 1, pageSize 100","service":"gsa-serve"}
{"level":"info","message":"Read DB cards,page 1, pageSize 100","service":"gsa-serve"}
{"level":"info","message":"System launch","service":"gsa-serve"}
{"level":"info","message":"System launch","service":"gsa-serve"}
{"level":"info","message":"Read DB cards,page 1, pageSize 100","service":"gsa-serve"}
{"level":"info","message":"System launch","service":"gsa-serve"}
{"level":"info","message":"System launch","service":"gsa-serve"}
{"level":"info","message":"System launched","service":"gsa-serve"}
{"level":"info","message":"System launch","service":"gsa-serve"}
{"level":"info","message":"System launch","service":"gsa-serve"}
{"level":"info","message":"System launch","service":"gsa-serve"}
{"level":"info","message":"System launch","service":"gsa-serve"}
{"level":"info","message":"System launch","service":"gsa-serve"}
{"level":"info","message":"System launch","service":"gsa-serve"}
{"level":"info","message":"System launch","service":"gsa-serve"}
{"level":"info","message":"Read DB cards,page 1, pageSize 100","service":"gsa-serve"}
{"level":"info","message":"System launch","service":"gsa-serve"}
{"level":"info","message":"System launch","service":"gsa-serve"}
{"level":"info","message":"System launched","service":"gsa-serve"}
{"level":"info","message":"System launched","service":"gsa-serve"}
{"level":"info","message":"System launched","service":"gsa-serve"}
{"level":"info","message":"System launched","service":"gsa-serve"}
{"level":"info","message":"Read DB cards,page 1, pageSize 100","service":"gsa-serve"}
{"level":"info","message":"Read DB cards,page 1, pageSize 100","service":"gsa-serve"}
{"level":"info","message":"System launched","service":"gsa-serve"}
{"level":"info","message":"System launched","service":"gsa-serve"}
{"level":"info","message":"Read DB cards,page 1, pageSize 100","service":"gsa-serve"}
{"level":"info","message":"System launched","service":"gsa-serve"}
{"level":"info","message":"System launched","service":"gsa-serve"}
{"level":"info","message":"System launched","service":"gsa-serve"}
{"level":"info","message":"System launched","service":"gsa-serve"}
{"level":"info","message":"System launched","service":"gsa-serve"}
{"level":"info","message":"System launched","service":"gsa-serve"}
{"level":"info","message":"System launched","service":"gsa-serve"}
{"level":"info","message":"System launched","service":"gsa-serve"}
{"level":"info","message":"System launched","service":"gsa-serve"}
{"level":"info","message":"System launched","service":"gsa-serve"}
{"level":"info","message":"System launched","service":"gsa-serve"}
{"level":"info","message":"System launched","service":"gsa-serve"}
{"level":"info","message":"System launched","service":"gsa-serve"}
{"level":"info","message":"System launched","service":"gsa-serve"}
{"level":"info","message":"System launched","service":"gsa-serve"}
{"level":"info","message":"System launched","service":"gsa-serve"}
{"level":"info","message":"System launched","service":"gsa-serve"}
{"level":"info","message":"System launched","service":"gsa-serve"}
{"level":"info","message":"System launched","service":"gsa-serve"}
{"level":"info","message":"System launched","service":"gsa-serve"}
{"level":"info","message":"System launched","service":"gsa-serve"}
{"level":"info","message":"System launched","service":"gsa-serve"}
{"level":"info","message":"System launched","service":"gsa-serve"}
{"level":"info","message":"System launched","service":"gsa-serve"}
{"level":"info","message":"System launched","service":"gsa-serve"}
{"level":"info","message":"System launched","service":"gsa-serve"}
{"level":"info","message":"System launched","service":"gsa-serve"}
{"level":"info","message":"System launched","service":"gsa-serve"}
{"level":"info","message":"System launched","service":"gsa-serve"}
{"level":"info","message":"System launched","service":"gsa-serve"}
{"level":"info","message":"System launched","service":"gsa-serve"}
{"level":"info","message":"System launched","service":"gsa-serve"}
{"level":"info","message":"System launched","service":"gsa-serve"}
{"level":"info","message":"System launched","service":"gsa-serve"}
{"level":"info","message":"System launched","service":"gsa-serve"}
{"level":"info","message":"System launched","service":"gsa-serve"}
{"level":"info","message":"System launched","service":"gsa-serve"}
{"level":"info","message":"System launched","service":"gsa-serve"}
{"level":"info","message":"System launched","service":"gsa-serve"}
